<?xml version="1.0" encoding="utf-8"?>
<testsuites>
  <testsuite name="pytest" errors="0" failures="0" skipped="0" tests="1" time="0.600" timestamp="2025-02-19T22:59:45.678912+00:00" hostname="local">
    <testcase classname="tests.requirements.dependencies.test_dependencies" name="test_update_installed_packages" time="0.450"/>
  </testsuite>
</testsuites>
